2024-12-12 09:48:50,962 - __main__ - INFO - Fetching saved content...
2024-12-12 09:48:52,282 - __main__ - ERROR - Error fetching saved content: received 401 HTTP response
2024-12-12 09:48:52,284 - __main__ - INFO - Found 0 new saved items
2024-12-12 09:48:52,284 - __main__ - INFO - Fetching upvoted content...
2024-12-12 09:48:53,080 - __main__ - ERROR - Error fetching upvoted content: received 401 HTTP response
2024-12-12 09:48:53,080 - __main__ - INFO - Found 0 new upvoted items
2024-12-12 09:48:53,080 - __main__ - INFO - Generating web data...
2024-12-12 09:48:53,081 - __main__ - INFO - Data files have been updated in the 'docs' directory
2024-12-12 09:52:00,285 - __main__ - INFO - Fetching saved content...
2024-12-12 09:52:01,900 - __main__ - ERROR - Error fetching saved content: received 401 HTTP response
2024-12-12 09:52:01,900 - __main__ - INFO - Found 0 new saved items
2024-12-12 09:52:01,900 - __main__ - INFO - Fetching upvoted content...
2024-12-12 09:52:08,149 - __main__ - ERROR - Error fetching upvoted content: received 401 HTTP response
2024-12-12 09:52:08,149 - __main__ - INFO - Found 0 new upvoted items
2024-12-12 09:52:08,149 - __main__ - INFO - Generating web data...
2024-12-12 09:52:08,149 - __main__ - INFO - Data files have been updated in the 'docs' directory
2024-12-12 09:57:17,278 - __main__ - INFO - Fetching saved content...
2024-12-12 09:57:24,324 - __main__ - ERROR - Error fetching saved content: received 401 HTTP response
2024-12-12 09:57:24,325 - __main__ - INFO - Found 0 new saved items
2024-12-12 09:57:24,325 - __main__ - INFO - Fetching upvoted content...
2024-12-12 09:57:26,117 - __main__ - ERROR - Error fetching upvoted content: received 401 HTTP response
2024-12-12 09:57:26,118 - __main__ - INFO - Found 0 new upvoted items
2024-12-12 09:57:26,118 - __main__ - INFO - Generating web data...
2024-12-12 09:57:26,119 - __main__ - INFO - Data files have been updated in the 'docs' directory
2024-12-12 10:09:03,133 - __main__ - INFO - Fetching saved content...
2024-12-12 10:09:07,760 - __main__ - INFO - Found 21 new saved items
2024-12-12 10:09:07,760 - __main__ - INFO - Fetching upvoted content...
2024-12-12 10:09:08,649 - __main__ - INFO - Found 5 new upvoted items
2024-12-12 10:09:08,649 - __main__ - INFO - Generating web data...
2024-12-12 10:09:08,654 - __main__ - INFO - Data files have been updated in the 'docs' directory
2024-12-12 10:10:35,334 - __main__ - INFO - Fetching saved content...
2024-12-12 10:10:46,620 - __main__ - INFO - Found 0 new saved items
2024-12-12 10:10:46,620 - __main__ - INFO - Fetching upvoted content...
2024-12-12 10:11:03,501 - prawcore - WARNING - Retrying due to ConnectionError(ReadTimeoutError("HTTPSConnectionPool(host='oauth.reddit.com', port=443): Read timed out.")) status: GET https://oauth.reddit.com/user/PhysicsUnique1335/upvoted
2024-12-12 10:11:11,604 - __main__ - INFO - Found 0 new upvoted items
2024-12-12 10:11:11,605 - __main__ - INFO - Generating web data...
2024-12-12 10:11:11,610 - __main__ - INFO - Data files have been updated in the 'docs' directory
2024-12-12 10:36:26,858 - __main__ - INFO - Fetching saved content...
2024-12-12 10:37:47,870 - __main__ - INFO - Found 21 new saved items
2024-12-12 10:37:47,870 - __main__ - INFO - Fetching upvoted content...
2024-12-12 10:38:09,849 - __main__ - INFO - Found 5 new upvoted items
2024-12-12 10:38:09,849 - __main__ - INFO - Generating web data...
2024-12-12 10:38:09,888 - __main__ - INFO - Data files have been updated
2024-12-12 11:55:52,920 - __main__ - INFO - Fetching saved content...
2024-12-12 11:55:56,686 - __main__ - INFO - Found 0 new saved items
2024-12-12 11:55:56,686 - __main__ - INFO - Fetching upvoted content...
2024-12-12 11:55:57,376 - __main__ - INFO - Found 0 new upvoted items
2024-12-12 11:55:57,376 - __main__ - INFO - Generating web data...
2024-12-12 11:55:57,398 - __main__ - INFO - Data files have been updated
2024-12-12 13:42:58,018 - __main__ - INFO - Fetching saved content...
2024-12-12 13:43:02,445 - __main__ - INFO - Found 0 new saved items
2024-12-12 13:43:02,446 - __main__ - INFO - Fetching upvoted content...
2024-12-12 13:43:03,336 - __main__ - INFO - Found 0 new upvoted items
2024-12-12 13:43:03,336 - __main__ - INFO - Generating web data...
2024-12-12 13:43:03,362 - __main__ - INFO - Data files have been updated
2024-12-13 09:43:47,047 - __main__ - INFO - Fetching saved content...
2024-12-13 09:43:52,724 - __main__ - INFO - Found 0 new saved items
2024-12-13 09:43:52,724 - __main__ - INFO - Fetching upvoted content...
2024-12-13 09:43:53,416 - __main__ - INFO - Found 0 new upvoted items
2024-12-13 09:43:53,416 - __main__ - INFO - Generating web data...
2024-12-13 09:43:53,440 - __main__ - INFO - Data files have been updated
